72565:C 03 Jan 2025 16:02:48.112 # WARNING: Changing databases number from 16 to 1 since we are in cluster mode
72565:C 03 Jan 2025 16:02:48.112 * oO0OoO0OoO0Oo Redis is starting oO0OoO0OoO0Oo
72565:C 03 Jan 2025 16:02:48.112 * Redis version=7.2.5, bits=64, commit=00000000, modified=0, pid=72565, just started
72565:C 03 Jan 2025 16:02:48.112 * Configuration loaded
72565:M 03 Jan 2025 16:02:48.112 * monotonic clock: POSIX clock_gettime
72565:M 03 Jan 2025 16:02:48.112 * Running mode=cluster, port=7506.
72565:M 03 Jan 2025 16:02:48.112 * No cluster configuration found, I'm 71dbfcfe8347ff590ddebd67c009cea63bae7896
72565:M 03 Jan 2025 16:02:48.121 * Server initialized
72565:M 03 Jan 2025 16:02:48.122 * Creating AOF base file appendonly.aof.1.base.rdb on server start
72565:M 03 Jan 2025 16:02:48.131 * Creating AOF incr file appendonly.aof.1.incr.aof on server start
72565:M 03 Jan 2025 16:02:48.131 * Ready to accept connections tcp
72565:M 03 Jan 2025 16:02:49.256 * IP address for this node updated to 127.0.0.1
72565:M 03 Jan 2025 16:02:50.151 * Cluster state changed: ok
72565:M 03 Jan 2025 16:02:55.188 * Replica 127.0.0.1:7507 asks for synchronization
72565:M 03 Jan 2025 16:02:55.188 * Partial resynchronization not accepted: Replication ID mismatch (Replica asked for '817af1eac9cb29da54d2bc6f43f8f6931b8191b3', my replication IDs are '29c7c2e62007b4b3e51bd086c9f9a486a0f13e98' and '0000000000000000000000000000000000000000')
72565:M 03 Jan 2025 16:02:55.188 * Replication backlog created, my new replication IDs are '850f9bd9a5dc7e2fa507b9a4394d54d4019eafbb' and '0000000000000000000000000000000000000000'
72565:M 03 Jan 2025 16:02:55.188 * Delay next BGSAVE for diskless SYNC
72565:M 03 Jan 2025 16:02:59.031 * 1 changes in 10 seconds. Saving...
72565:M 03 Jan 2025 16:02:59.032 * Background saving started by pid 72600
72600:C 03 Jan 2025 16:02:59.037 * DB saved on disk
72600:C 03 Jan 2025 16:02:59.038 * Fork CoW for RDB: current 0 MB, peak 0 MB, average 0 MB
72565:M 03 Jan 2025 16:02:59.134 * Background saving terminated with success
72565:M 03 Jan 2025 16:03:00.243 * Starting BGSAVE for SYNC with target: replicas sockets
72565:M 03 Jan 2025 16:03:00.243 * Background RDB transfer started by pid 72607
72607:C 03 Jan 2025 16:03:00.244 * Fork CoW for RDB: current 0 MB, peak 0 MB, average 0 MB
72565:M 03 Jan 2025 16:03:00.245 * Diskless rdb transfer, done reading from pipe, 1 replicas still up.
72565:M 03 Jan 2025 16:03:00.253 * Background RDB transfer terminated with success
72565:M 03 Jan 2025 16:03:00.253 * Streamed RDB transfer with replica 127.0.0.1:7507 succeeded (socket). Waiting for REPLCONF ACK from replica to enable streaming
72565:M 03 Jan 2025 16:03:00.253 * Synchronization with replica 127.0.0.1:7507 succeeded
72565:M 03 Jan 2025 16:03:18.763 * New configEpoch set to 7
72565:M 03 Jan 2025 16:03:18.763 * configEpoch updated after importing slot 5461
72565:M 03 Jan 2025 16:03:30.305 * 1 changes in 10 seconds. Saving...
72565:M 03 Jan 2025 16:03:30.306 * Background saving started by pid 72685
72685:C 03 Jan 2025 16:03:30.342 * DB saved on disk
72685:C 03 Jan 2025 16:03:30.346 * Fork CoW for RDB: current 0 MB, peak 0 MB, average 0 MB
72565:M 03 Jan 2025 16:03:30.413 * Background saving terminated with success
72565:M 03 Jan 2025 16:03:41.040 * 1 changes in 10 seconds. Saving...
72565:M 03 Jan 2025 16:03:41.047 * Background saving started by pid 72708
72708:C 03 Jan 2025 16:03:41.070 * DB saved on disk
72708:C 03 Jan 2025 16:03:41.071 * Fork CoW for RDB: current 0 MB, peak 0 MB, average 0 MB
72565:M 03 Jan 2025 16:03:41.160 * Background saving terminated with success
72565:M 03 Jan 2025 16:03:52.059 * 1 changes in 10 seconds. Saving...
72565:M 03 Jan 2025 16:03:52.062 * Background saving started by pid 72726
72726:C 03 Jan 2025 16:03:52.066 * DB saved on disk
72726:C 03 Jan 2025 16:03:52.068 * Fork CoW for RDB: current 0 MB, peak 0 MB, average 0 MB
72565:M 03 Jan 2025 16:03:52.163 * Background saving terminated with success
72565:M 03 Jan 2025 16:04:03.060 * 1 changes in 10 seconds. Saving...
72565:M 03 Jan 2025 16:04:03.074 * Background saving started by pid 72738
72738:C 03 Jan 2025 16:04:03.104 * DB saved on disk
72738:C 03 Jan 2025 16:04:03.105 * Fork CoW for RDB: current 0 MB, peak 0 MB, average 0 MB
72565:M 03 Jan 2025 16:04:03.190 * Background saving terminated with success
72565:M 03 Jan 2025 16:04:14.096 * 1 changes in 10 seconds. Saving...
72565:M 03 Jan 2025 16:04:14.108 * Background saving started by pid 72751
72751:C 03 Jan 2025 16:04:14.138 * DB saved on disk
72751:C 03 Jan 2025 16:04:14.150 * Fork CoW for RDB: current 0 MB, peak 0 MB, average 0 MB
72565:M 03 Jan 2025 16:04:14.218 * Background saving terminated with success
72565:M 03 Jan 2025 16:04:25.018 * 1 changes in 10 seconds. Saving...
72565:M 03 Jan 2025 16:04:25.060 * Background saving started by pid 72762
72762:C 03 Jan 2025 16:04:25.159 * DB saved on disk
72762:C 03 Jan 2025 16:04:25.160 * Fork CoW for RDB: current 0 MB, peak 0 MB, average 0 MB
72565:M 03 Jan 2025 16:04:25.223 * Background saving terminated with success
72565:M 03 Jan 2025 16:04:36.022 * 1 changes in 10 seconds. Saving...
72565:M 03 Jan 2025 16:04:36.041 * Background saving started by pid 72781
72781:C 03 Jan 2025 16:04:36.062 * DB saved on disk
72781:C 03 Jan 2025 16:04:36.063 * Fork CoW for RDB: current 0 MB, peak 0 MB, average 0 MB
72565:M 03 Jan 2025 16:04:36.154 * Background saving terminated with success
72565:M 03 Jan 2025 16:04:47.058 * 1 changes in 10 seconds. Saving...
72565:M 03 Jan 2025 16:04:47.074 * Background saving started by pid 72796
72796:C 03 Jan 2025 16:04:47.102 * DB saved on disk
72796:C 03 Jan 2025 16:04:47.102 * Fork CoW for RDB: current 0 MB, peak 0 MB, average 0 MB
72565:M 03 Jan 2025 16:04:47.183 * Background saving terminated with success
72565:M 03 Jan 2025 16:04:58.089 * 1 changes in 10 seconds. Saving...
72565:M 03 Jan 2025 16:04:58.103 * Background saving started by pid 72806
72806:C 03 Jan 2025 16:04:58.144 * DB saved on disk
72806:C 03 Jan 2025 16:04:58.145 * Fork CoW for RDB: current 0 MB, peak 0 MB, average 0 MB
72565:M 03 Jan 2025 16:04:58.224 * Background saving terminated with success
72565:M 03 Jan 2025 16:05:09.020 * 1 changes in 10 seconds. Saving...
72565:M 03 Jan 2025 16:05:09.023 * Background saving started by pid 72891
72891:C 03 Jan 2025 16:05:09.035 * DB saved on disk
72891:C 03 Jan 2025 16:05:09.036 * Fork CoW for RDB: current 0 MB, peak 0 MB, average 0 MB
72565:M 03 Jan 2025 16:05:09.127 * Background saving terminated with success
72565:M 03 Jan 2025 16:05:20.737 * 1 changes in 10 seconds. Saving...
72565:M 03 Jan 2025 16:05:20.785 * Background saving started by pid 73015
73015:C 03 Jan 2025 16:05:20.849 * DB saved on disk
73015:C 03 Jan 2025 16:05:20.875 * Fork CoW for RDB: current 0 MB, peak 0 MB, average 0 MB
72565:M 03 Jan 2025 16:05:20.908 * Background saving terminated with success
72565:M 03 Jan 2025 16:05:31.059 * 1 changes in 10 seconds. Saving...
72565:M 03 Jan 2025 16:05:31.501 * Background saving started by pid 73058
73058:C 03 Jan 2025 16:05:31.510 * DB saved on disk
73058:C 03 Jan 2025 16:05:31.516 * Fork CoW for RDB: current 0 MB, peak 0 MB, average 0 MB
72565:M 03 Jan 2025 16:05:31.602 * Background saving terminated with success
72565:M 03 Jan 2025 16:05:48.447 * 1 changes in 10 seconds. Saving...
72565:M 03 Jan 2025 16:05:48.457 * Background saving started by pid 73096
73096:C 03 Jan 2025 16:05:48.502 * DB saved on disk
73096:C 03 Jan 2025 16:05:48.503 * Fork CoW for RDB: current 0 MB, peak 0 MB, average 0 MB
72565:M 03 Jan 2025 16:05:48.575 * Background saving terminated with success
72565:M 03 Jan 2025 16:05:59.079 * 1 changes in 10 seconds. Saving...
72565:M 03 Jan 2025 16:05:59.106 * Background saving started by pid 73115
73115:C 03 Jan 2025 16:05:59.126 * DB saved on disk
73115:C 03 Jan 2025 16:05:59.133 * Fork CoW for RDB: current 0 MB, peak 0 MB, average 0 MB
72565:M 03 Jan 2025 16:05:59.210 * Background saving terminated with success
72565:M 03 Jan 2025 16:06:10.097 * 1 changes in 10 seconds. Saving...
72565:M 03 Jan 2025 16:06:10.100 * Background saving started by pid 73127
73127:C 03 Jan 2025 16:06:10.110 * DB saved on disk
73127:C 03 Jan 2025 16:06:10.111 * Fork CoW for RDB: current 0 MB, peak 0 MB, average 0 MB
72565:M 03 Jan 2025 16:06:10.204 * Background saving terminated with success
72565:M 03 Jan 2025 16:06:21.100 * 1 changes in 10 seconds. Saving...
72565:M 03 Jan 2025 16:06:21.103 * Background saving started by pid 73143
73143:C 03 Jan 2025 16:06:21.115 * DB saved on disk
73143:C 03 Jan 2025 16:06:21.116 * Fork CoW for RDB: current 0 MB, peak 0 MB, average 0 MB
72565:M 03 Jan 2025 16:06:21.207 * Background saving terminated with success
72565:M 03 Jan 2025 16:06:38.559 * 1 changes in 10 seconds. Saving...
72565:M 03 Jan 2025 16:06:38.575 * Background saving started by pid 73219
73219:C 03 Jan 2025 16:06:38.590 * DB saved on disk
73219:C 03 Jan 2025 16:06:38.596 * Fork CoW for RDB: current 0 MB, peak 0 MB, average 0 MB
72565:M 03 Jan 2025 16:06:38.684 * Background saving terminated with success
72565:M 03 Jan 2025 16:06:49.085 * 1 changes in 10 seconds. Saving...
72565:M 03 Jan 2025 16:06:49.094 * Background saving started by pid 73231
73231:C 03 Jan 2025 16:06:49.102 * DB saved on disk
73231:C 03 Jan 2025 16:06:49.103 * Fork CoW for RDB: current 0 MB, peak 0 MB, average 0 MB
72565:M 03 Jan 2025 16:06:49.199 * Background saving terminated with success
72565:M 03 Jan 2025 16:07:09.619 * 1 changes in 10 seconds. Saving...
72565:M 03 Jan 2025 16:07:09.620 * Background saving started by pid 73251
73251:C 03 Jan 2025 16:07:09.672 * DB saved on disk
73251:C 03 Jan 2025 16:07:09.672 * Fork CoW for RDB: current 0 MB, peak 0 MB, average 0 MB
72565:M 03 Jan 2025 16:07:09.734 * Background saving terminated with success
72565:M 03 Jan 2025 16:07:20.032 * 1 changes in 10 seconds. Saving...
72565:M 03 Jan 2025 16:07:20.042 * Background saving started by pid 73259
73259:C 03 Jan 2025 16:07:20.070 * DB saved on disk
73259:C 03 Jan 2025 16:07:20.071 * Fork CoW for RDB: current 0 MB, peak 0 MB, average 0 MB
72565:M 03 Jan 2025 16:07:20.160 * Background saving terminated with success
72565:M 03 Jan 2025 16:07:31.088 * 1 changes in 10 seconds. Saving...
72565:M 03 Jan 2025 16:07:31.094 * Background saving started by pid 73288
73288:C 03 Jan 2025 16:07:31.111 * DB saved on disk
73288:C 03 Jan 2025 16:07:31.112 * Fork CoW for RDB: current 0 MB, peak 0 MB, average 0 MB
72565:M 03 Jan 2025 16:07:31.199 * Background saving terminated with success
72565:M 03 Jan 2025 16:07:42.098 * 1 changes in 10 seconds. Saving...
72565:M 03 Jan 2025 16:07:42.130 * Background saving started by pid 73303
73303:C 03 Jan 2025 16:07:42.144 * DB saved on disk
73303:C 03 Jan 2025 16:07:42.144 * Fork CoW for RDB: current 0 MB, peak 0 MB, average 0 MB
72565:M 03 Jan 2025 16:07:42.237 * Background saving terminated with success
72565:M 03 Jan 2025 16:08:02.631 * 1 changes in 10 seconds. Saving...
72565:M 03 Jan 2025 16:08:02.648 * Background saving started by pid 73314
73314:C 03 Jan 2025 16:08:02.668 * DB saved on disk
73314:C 03 Jan 2025 16:08:02.669 * Fork CoW for RDB: current 0 MB, peak 0 MB, average 0 MB
72565:M 03 Jan 2025 16:08:02.760 * Background saving terminated with success
72565:M 03 Jan 2025 16:08:13.063 * 1 changes in 10 seconds. Saving...
72565:M 03 Jan 2025 16:08:13.066 * Background saving started by pid 73331
73331:C 03 Jan 2025 16:08:13.112 * DB saved on disk
73331:C 03 Jan 2025 16:08:13.122 * Fork CoW for RDB: current 0 MB, peak 0 MB, average 0 MB
72565:M 03 Jan 2025 16:08:13.175 * Background saving terminated with success
72565:M 03 Jan 2025 16:08:24.080 * 1 changes in 10 seconds. Saving...
72565:M 03 Jan 2025 16:08:24.082 * Background saving started by pid 73340
73340:C 03 Jan 2025 16:08:24.105 * DB saved on disk
73340:C 03 Jan 2025 16:08:24.111 * Fork CoW for RDB: current 0 MB, peak 0 MB, average 0 MB
72565:M 03 Jan 2025 16:08:24.197 * Background saving terminated with success
72565:M 03 Jan 2025 16:08:36.822 * 1 changes in 10 seconds. Saving...
72565:M 03 Jan 2025 16:08:36.823 * Background saving started by pid 73371
73371:C 03 Jan 2025 16:08:36.825 * DB saved on disk
73371:C 03 Jan 2025 16:08:36.826 * Fork CoW for RDB: current 0 MB, peak 0 MB, average 0 MB
72565:M 03 Jan 2025 16:08:36.924 * Background saving terminated with success
72565:M 03 Jan 2025 16:08:47.013 * 1 changes in 10 seconds. Saving...
72565:M 03 Jan 2025 16:08:47.014 * Background saving started by pid 73386
73386:C 03 Jan 2025 16:08:47.032 * DB saved on disk
73386:C 03 Jan 2025 16:08:47.033 * Fork CoW for RDB: current 0 MB, peak 0 MB, average 0 MB
72565:M 03 Jan 2025 16:08:47.122 * Background saving terminated with success
72565:M 03 Jan 2025 16:08:58.015 * 1 changes in 10 seconds. Saving...
72565:M 03 Jan 2025 16:08:58.037 * Background saving started by pid 73400
73400:C 03 Jan 2025 16:08:58.046 * DB saved on disk
73400:C 03 Jan 2025 16:08:58.049 * Fork CoW for RDB: current 0 MB, peak 0 MB, average 0 MB
72565:M 03 Jan 2025 16:08:58.143 * Background saving terminated with success
72565:signal-handler (1735895642) Received SIGINT scheduling shutdown...
72565:signal-handler (1735895642) Received SIGTERM scheduling shutdown...
72565:M 03 Jan 2025 16:14:02.777 * User requested shutdown...
72565:M 03 Jan 2025 16:14:02.777 * 1 of 1 replicas are in sync when shutting down.
72565:M 03 Jan 2025 16:14:02.777 * Calling fsync() on the AOF file.
72565:M 03 Jan 2025 16:14:02.782 * Saving the final RDB snapshot before exiting.
72565:M 03 Jan 2025 16:14:02.784 * DB saved on disk
72565:M 03 Jan 2025 16:14:02.784 # Redis is now ready to exit, bye bye...
